<?xml version="1.0" encoding="UTF-8"?>
<!-- Generated by org.testng.reporters.JUnitXMLReporter -->
<testsuite ignored="19" hostname="SurajSaini" failures="2" tests="11" name="Test" time="84.44" errors="0" timestamp="2024-12-15T12:24:53 PST">
  <testcase classname="SeleniumCodeSDET.SDETCode.JavaScriptExecutorCode" name="confirmAlert" time="3.012"/>
  <testcase classname="SeleniumCodeSDET.SDETCode.DataProvider_FillForm" name="fillform" time="3.795"/>
  <testcase classname="SeleniumCodeSDET.SDETCode.DataProvider_FillForm" name="fillform" time="2.314"/>
  <testcase classname="SeleniumCodeSDET.SDETCode.DataProvider_FillForm" name="fillform" time="2.591"/>
  <testcase classname="SeleniumCodeSDET.SDETCode.BrokenLink" name="findBrokenLink" time="10.606"/>
  <testcase classname="SeleniumCodeSDET.SDETCode.DataBaseConnection" name="Database" time="0.011">
    <failure type="java.sql.SQLException" message="No suitable driver found for jdbc:mysql://localhost:3306/hr">
      <![CDATA[java.sql.SQLException: No suitable driver found for jdbc:mysql://localhost:3306/hr
at java.sql/java.sql.DriverManager.getConnection(DriverManager.java:707)
at java.sql/java.sql.DriverManager.getConnection(DriverManager.java:230)
at SeleniumCodeSDET.SDETCode.DataBaseConnection.Database(DataBaseConnection.java:16)
at java.base/java.util.ArrayList.forEach(ArrayList.java:1597)
... Removed 25 stack frames]]>
    </failure>
  </testcase> <!-- Database -->
  <testcase classname="SeleniumCodeSDET.SDETCode.MultipleWindow" name="handleMultipleWindow" time="25.416"/>
  <testcase classname="SeleniumCodeSDET.SDETCode.WebDriverWaitCode" name="table" time="0.0"/>
  <testcase classname="SeleniumCodeSDET.SDETCode.WebDriverWaitCode" name="timerSimpleAlert" time="6.412"/>
  <testcase classname="SeleniumCodeSDET.SDETCode.HandleAlerts" name="promptBox" time="0.821"/>
  <testcase classname="SeleniumCodeSDET.SDETCode.DataProviderTest" name="dataProviderIRCTC" time="24.335">
    <failure type="org.openqa.selenium.ElementNotInteractableException" message="element not interactable
  (Session info: chrome=131.0.6778.140)
Build info: version: &amp;apos;4.26.0&amp;apos;, revision: &amp;apos;8ccf0219d7&amp;apos;
System info: os.name: &amp;apos;Windows 11&amp;apos;, os.arch: &amp;apos;amd64&amp;apos;, os.version: &amp;apos;10.0&amp;apos;, java.version: &amp;apos;23&amp;apos;
Driver info: org.openqa.selenium.chrome.ChromeDriver
Command: [45b69d8aa5a988df94bea086e4487e3e, sendKeysToElement {value=[Ljava.lang.CharSequence;@bc042d5, id=f.EFA6DCEAC2821FEE7DA71018B01BDA89.d.E3D18539926269CCDD19570A7F6554A0.e.179}]
Capabilities {acceptInsecureCerts: false, browserName: chrome, browserVersion: 131.0.6778.140, chrome: {chromedriverVersion: 131.0.6778.108 (3b014839fbc..., userDataDir: C:\Users\suraj\AppData\Loca...}, fedcm:accounts: true, goog:chromeOptions: {debuggerAddress: localhost:51295}, networkConnectionEnabled: false, pageLoadStrategy: normal, platformName: windows, proxy: Proxy(), se:cdp: ws://localhost:51295/devtoo..., se:cdpVersion: 131.0.6778.140, setWindowRect: true, strictFileInteractability: false, timeouts: {implicit: 0, pageLoad: 300000, script: 30000}, unhandledPromptBehavior: dismiss and notify, webauthn:extension:credBlob: true, webauthn:extension:largeBlob: true, webauthn:extension:minPinLength: true, webauthn:extension:prf: true, webauthn:virtualAuthenticators: true}
Element: [[ChromeDriver: chrome on windows (45b69d8aa5a988df94bea086e4487e3e)] -&amp;gt; xpath: //p-autocomplete[@id=&amp;apos;destination&amp;apos;]]
Session ID: 45b69d8aa5a988df94bea086e4487e3e">
      <![CDATA[org.openqa.selenium.ElementNotInteractableException: element not interactable
  (Session info: chrome=131.0.6778.140)
Build info: version: '4.26.0', revision: '8ccf0219d7'
System info: os.name: 'Windows 11', os.arch: 'amd64', os.version: '10.0', java.version: '23'
Driver info: org.openqa.selenium.chrome.ChromeDriver
Command: [45b69d8aa5a988df94bea086e4487e3e, sendKeysToElement {value=[Ljava.lang.CharSequence;@bc042d5, id=f.EFA6DCEAC2821FEE7DA71018B01BDA89.d.E3D18539926269CCDD19570A7F6554A0.e.179}]
Capabilities {acceptInsecureCerts: false, browserName: chrome, browserVersion: 131.0.6778.140, chrome: {chromedriverVersion: 131.0.6778.108 (3b014839fbc..., userDataDir: C:\Users\suraj\AppData\Loca...}, fedcm:accounts: true, goog:chromeOptions: {debuggerAddress: localhost:51295}, networkConnectionEnabled: false, pageLoadStrategy: normal, platformName: windows, proxy: Proxy(), se:cdp: ws://localhost:51295/devtoo..., se:cdpVersion: 131.0.6778.140, setWindowRect: true, strictFileInteractability: false, timeouts: {implicit: 0, pageLoad: 300000, script: 30000}, unhandledPromptBehavior: dismiss and notify, webauthn:extension:credBlob: true, webauthn:extension:largeBlob: true, webauthn:extension:minPinLength: true, webauthn:extension:prf: true, webauthn:virtualAuthenticators: true}
Element: [[ChromeDriver: chrome on windows (45b69d8aa5a988df94bea086e4487e3e)] -> xpath: //p-autocomplete[@id='destination']]
Session ID: 45b69d8aa5a988df94bea086e4487e3e
at org.openqa.selenium.remote.ErrorCodec.decode(ErrorCodec.java:167)
at org.openqa.selenium.remote.codec.w3c.W3CHttpResponseCodec.decode(W3CHttpResponseCodec.java:138)
at org.openqa.selenium.remote.codec.w3c.W3CHttpResponseCodec.decode(W3CHttpResponseCodec.java:50)
at org.openqa.selenium.remote.HttpCommandExecutor.execute(HttpCommandExecutor.java:190)
at org.openqa.selenium.remote.service.DriverCommandExecutor.invokeExecute(DriverCommandExecutor.java:216)
at org.openqa.selenium.remote.service.DriverCommandExecutor.execute(DriverCommandExecutor.java:174)
at org.openqa.selenium.remote.RemoteWebDriver.execute(RemoteWebDriver.java:545)
at org.openqa.selenium.remote.RemoteWebElement.execute(RemoteWebElement.java:223)
at org.openqa.selenium.remote.RemoteWebElement.sendKeys(RemoteWebElement.java:110)
at SeleniumCodeSDET.SDETCode.DataProviderTest.dataProviderIRCTC(DataProviderTest.java:56)
at java.base/java.util.ArrayList.forEach(ArrayList.java:1597)
... Removed 28 stack frames]]>
    </failure>
  </testcase> <!-- dataProviderIRCTC -->
  <testcase classname="SeleniumCodeSDET.SDETCode.HandleAlerts" name="simpleAlert" time="0.0">
    <ignored/>
  </testcase> <!-- simpleAlert -->
  <testcase classname="SeleniumCodeSDET.SDETCode.HandleAlerts" name="timerSimpleAlert" time="0.0">
    <ignored/>
  </testcase> <!-- timerSimpleAlert -->
  <testcase classname="SeleniumCodeSDET.SDETCode.HandleAlerts" name="confirmAlert" time="0.0">
    <ignored/>
  </testcase> <!-- confirmAlert -->
  <testcase classname="SeleniumCodeSDET.SDETCode.BaseClass" name="@BeforeTest browserSetup" time="0.0">
    <ignored/>
  </testcase> <!-- @BeforeTest browserSetup -->
  <testcase classname="SeleniumCodeSDET.SDETCode.BaseClass" name="@BeforeTest browserSetup" time="0.0">
    <ignored/>
  </testcase> <!-- @BeforeTest browserSetup -->
  <testcase classname="SeleniumCodeSDET.SDETCode.BaseClass" name="@BeforeTest browserSetup" time="0.0">
    <ignored/>
  </testcase> <!-- @BeforeTest browserSetup -->
  <testcase classname="SeleniumCodeSDET.SDETCode.BaseClass" name="@BeforeTest browserSetup" time="0.0">
    <ignored/>
  </testcase> <!-- @BeforeTest browserSetup -->
  <testcase classname="SeleniumCodeSDET.SDETCode.BaseClass" name="@BeforeTest browserSetup" time="0.0">
    <ignored/>
  </testcase> <!-- @BeforeTest browserSetup -->
  <testcase classname="SeleniumCodeSDET.SDETCode.BaseClass" name="@BeforeTest browserSetup" time="0.0">
    <ignored/>
  </testcase> <!-- @BeforeTest browserSetup -->
  <testcase classname="SeleniumCodeSDET.SDETCode.BaseClass" name="@BeforeTest browserSetup" time="0.0">
    <ignored/>
  </testcase> <!-- @BeforeTest browserSetup -->
  <testcase classname="SeleniumCodeSDET.SDETCode.HandleAlerts" name="handleAlert" time="0.0">
    <ignored/>
  </testcase> <!-- handleAlert -->
  <testcase classname="SeleniumCodeSDET.SDETCode.BaseClass" name="@AfterTest browserQuit" time="0.0">
    <ignored/>
  </testcase> <!-- @AfterTest browserQuit -->
  <testcase classname="SeleniumCodeSDET.SDETCode.BaseClass" name="@AfterTest browserQuit" time="0.0">
    <ignored/>
  </testcase> <!-- @AfterTest browserQuit -->
  <testcase classname="SeleniumCodeSDET.SDETCode.BaseClass" name="@AfterTest browserQuit" time="0.0">
    <ignored/>
  </testcase> <!-- @AfterTest browserQuit -->
  <testcase classname="SeleniumCodeSDET.SDETCode.BaseClass" name="@AfterTest browserQuit" time="0.0">
    <ignored/>
  </testcase> <!-- @AfterTest browserQuit -->
  <testcase classname="SeleniumCodeSDET.SDETCode.BaseClass" name="@AfterTest browserQuit" time="0.0">
    <ignored/>
  </testcase> <!-- @AfterTest browserQuit -->
  <testcase classname="SeleniumCodeSDET.SDETCode.BaseClass" name="@AfterTest browserQuit" time="0.0">
    <ignored/>
  </testcase> <!-- @AfterTest browserQuit -->
  <testcase classname="SeleniumCodeSDET.SDETCode.BaseClass" name="@AfterTest browserQuit" time="0.0">
    <ignored/>
  </testcase> <!-- @AfterTest browserQuit -->
  <testcase classname="SeleniumCodeSDET.SDETCode.ChatGPTCode_1" name="searchAndValidateProducts" time="0.0">
    <ignored/>
  </testcase> <!-- searchAndValidateProducts -->
</testsuite> <!-- Test -->
