<?xml version="1.0" encoding="UTF-8"?>
<testng-results ignored="21" total="30" passed="9" failed="0" skipped="0">
  <reporter-output>
  </reporter-output>
  <suite started-at="2024-12-15T23:49:21 PST" name="Suite" finished-at="2024-12-15T23:50:23 PST" duration-ms="61975">
    <groups>
      <group name="">
        <method signature="HandleAlerts.promptBox()[pri:0, instance:SeleniumCodeSDET.SDETCode.HandleAlerts@217ed35e]" name="promptBox" class="SeleniumCodeSDET.SDETCode.HandleAlerts"/>
        <method signature="JavaScriptExecutorCode.confirmAlert()[pri:0, instance:SeleniumCodeSDET.SDETCode.JavaScriptExecutorCode@1573f9fc]" name="confirmAlert" class="SeleniumCodeSDET.SDETCode.JavaScriptExecutorCode"/>
      </group> <!--  -->
      <group name="Regression">
        <method signature="WebDriverWaitCode.timerSimpleAlert()[pri:0, instance:SeleniumCodeSDET.SDETCode.WebDriverWaitCode@682b2fa]" name="timerSimpleAlert" class="SeleniumCodeSDET.SDETCode.WebDriverWaitCode"/>
      </group> <!-- Regression -->
    </groups>
    <test started-at="2024-12-15T23:49:21 PST" name="Test" finished-at="2024-12-15T23:50:23 PST" duration-ms="61975">
      <class name="SeleniumCodeSDET.SDETCode.WebDriverWaitCode">
        <test-method signature="table()[pri:0, instance:SeleniumCodeSDET.SDETCode.WebDriverWaitCode@682b2fa]" started-at="2024-12-15T23:50:13 PST" name="table" finished-at="2024-12-15T23:50:13 PST" duration-ms="8" status="PASS">
          <reporter-output>
          </reporter-output>
        </test-method> <!-- table -->
        <test-method signature="timerSimpleAlert()[pri:0, instance:SeleniumCodeSDET.SDETCode.WebDriverWaitCode@682b2fa]" started-at="2024-12-15T23:50:13 PST" name="timerSimpleAlert" finished-at="2024-12-15T23:50:21 PST" duration-ms="7907" status="PASS">
          <reporter-output>
          </reporter-output>
        </test-method> <!-- timerSimpleAlert -->
      </class> <!-- SeleniumCodeSDET.SDETCode.WebDriverWaitCode -->
      <class name="SeleniumCodeSDET.SDETCode.MultipleWindow">
        <test-method signature="handleMultipleWindow()[pri:0, instance:SeleniumCodeSDET.SDETCode.MultipleWindow@139982de]" started-at="2024-12-15T23:49:47 PST" name="handleMultipleWindow" finished-at="2024-12-15T23:50:13 PST" duration-ms="26298" status="PASS">
          <reporter-output>
          </reporter-output>
        </test-method> <!-- handleMultipleWindow -->
      </class> <!-- SeleniumCodeSDET.SDETCode.MultipleWindow -->
      <class name="SeleniumCodeSDET.SDETCode.DataProvider_FillForm">
        <test-method signature="fillform(java.lang.String,java.lang.String,java.lang.String)[pri:0, instance:SeleniumCodeSDET.SDETCode.DataProvider_FillForm@3fc2959f]" started-at="2024-12-15T23:49:28 PST" name="fillform" data-provider="userData" finished-at="2024-12-15T23:49:36 PST" duration-ms="7771" status="PASS">
          <params>
            <param index="0">
              <value>
                <![CDATA[John]]>
              </value>
            </param>
            <param index="1">
              <value>
                <![CDATA[Doe]]>
              </value>
            </param>
            <param index="2">
              <value>
                <![CDATA[john.doe@example.com]]>
              </value>
            </param>
          </params>
          <reporter-output>
          </reporter-output>
        </test-method> <!-- fillform -->
        <test-method signature="fillform(java.lang.String,java.lang.String,java.lang.String)[pri:0, instance:SeleniumCodeSDET.SDETCode.DataProvider_FillForm@3fc2959f]" started-at="2024-12-15T23:49:36 PST" name="fillform" data-provider="userData" finished-at="2024-12-15T23:49:39 PST" duration-ms="3032" status="PASS">
          <params>
            <param index="0">
              <value>
                <![CDATA[Jane]]>
              </value>
            </param>
            <param index="1">
              <value>
                <![CDATA[Smith]]>
              </value>
            </param>
            <param index="2">
              <value>
                <![CDATA[jane.smith@example.com]]>
              </value>
            </param>
          </params>
          <reporter-output>
          </reporter-output>
        </test-method> <!-- fillform -->
        <test-method signature="fillform(java.lang.String,java.lang.String,java.lang.String)[pri:0, instance:SeleniumCodeSDET.SDETCode.DataProvider_FillForm@3fc2959f]" started-at="2024-12-15T23:49:39 PST" name="fillform" data-provider="userData" finished-at="2024-12-15T23:49:41 PST" duration-ms="2133" status="PASS">
          <params>
            <param index="0">
              <value>
                <![CDATA[Mike]]>
              </value>
            </param>
            <param index="1">
              <value>
                <![CDATA[Johnson]]>
              </value>
            </param>
            <param index="2">
              <value>
                <![CDATA[mike.johnson@example.com]]>
              </value>
            </param>
          </params>
          <reporter-output>
          </reporter-output>
        </test-method> <!-- fillform -->
      </class> <!-- SeleniumCodeSDET.SDETCode.DataProvider_FillForm -->
      <class name="SeleniumCodeSDET.SDETCode.JavaScriptExecutorCode">
        <test-method is-config="true" signature="browserSetup()[pri:0, instance:SeleniumCodeSDET.SDETCode.JavaScriptExecutorCode@1573f9fc]" started-at="2024-12-15T23:49:21 PST" name="browserSetup" finished-at="2024-12-15T23:49:25 PST" duration-ms="3476" status="PASS">
          <reporter-output>
          </reporter-output>
        </test-method> <!-- browserSetup -->
        <test-method signature="confirmAlert()[pri:0, instance:SeleniumCodeSDET.SDETCode.JavaScriptExecutorCode@1573f9fc]" started-at="2024-12-15T23:49:25 PST" name="confirmAlert" finished-at="2024-12-15T23:49:28 PST" duration-ms="3005" status="PASS">
          <reporter-output>
          </reporter-output>
        </test-method> <!-- confirmAlert -->
        <test-method is-config="true" signature="browserQuit()[pri:0, instance:SeleniumCodeSDET.SDETCode.JavaScriptExecutorCode@1573f9fc]" started-at="2024-12-15T23:50:23 PST" name="browserQuit" finished-at="2024-12-15T23:50:23 PST" duration-ms="616" status="PASS">
          <reporter-output>
          </reporter-output>
        </test-method> <!-- browserQuit -->
      </class> <!-- SeleniumCodeSDET.SDETCode.JavaScriptExecutorCode -->
      <class name="SeleniumCodeSDET.SDETCode.HandleAlerts">
        <test-method signature="promptBox()[pri:0, instance:SeleniumCodeSDET.SDETCode.HandleAlerts@217ed35e]" started-at="2024-12-15T23:50:21 PST" name="promptBox" finished-at="2024-12-15T23:50:23 PST" duration-ms="1689" status="PASS">
          <reporter-output>
          </reporter-output>
        </test-method> <!-- promptBox -->
      </class> <!-- SeleniumCodeSDET.SDETCode.HandleAlerts -->
      <class name="SeleniumCodeSDET.SDETCode.BrokenLink">
        <test-method signature="findBrokenLink()[pri:0, instance:SeleniumCodeSDET.SDETCode.BrokenLink@5aa9e4eb]" started-at="2024-12-15T23:49:41 PST" name="findBrokenLink" finished-at="2024-12-15T23:49:47 PST" duration-ms="5905" status="PASS">
          <reporter-output>
          </reporter-output>
        </test-method> <!-- findBrokenLink -->
      </class> <!-- SeleniumCodeSDET.SDETCode.BrokenLink -->
    </test> <!-- Test -->
  </suite> <!-- Suite -->
</testng-results>
